Build started 19.11.2020 23:42:29.
__________________________________________________
Project "D:\git\ueflow\model2dll\model2dll.sln" (default targets):

Target ValidateSolutionConfiguration:
    Building solution configuration "Debug|x64".
Target Build:
    __________________________________________________
    Project "D:\git\ueflow\model2dll\model2dll.sln" is building "D:\git\ueflow\model2dll\model2dll\model2dll.vcxproj" (default targets):

    Target InitializeBuildStatus:
        Creating "x64\Debug\model2dll.tlog\unsuccessfulbuild" because "AlwaysCreate" was specified.
    Target ClCompile:
        All outputs are up-to-date.
        All outputs are up-to-date.
    Target Link:
        All outputs are up-to-date.
        model2dll.vcxproj -> D:\git\ueflow\model2dll\x64\Debug\model2dll.dll
    Target FinalizeBuildStatus:
        Deleting file "x64\Debug\model2dll.tlog\unsuccessfulbuild".
        Touching "x64\Debug\model2dll.tlog\model2dll.lastbuildstate".
    __________________________________________________
    Project "D:\git\ueflow\model2dll\model2dll.sln" is building "D:\git\ueflow\model2dll\UnitTest1\UnitTest1.vcxproj" (default targets):

    Target InitializeBuildStatus:
        Creating "x64\Debug\UnitTest1.tlog\unsuccessfulbuild" because "AlwaysCreate" was specified.
    Target ClCompile:
        All outputs are up-to-date.
        All outputs are up-to-date.
    Target Link:
        All outputs are up-to-date.
        UnitTest1.vcxproj -> D:\git\ueflow\model2dll\x64\Debug\UnitTest1.dll
    Target FinalizeBuildStatus:
        Deleting file "x64\Debug\UnitTest1.tlog\unsuccessfulbuild".
        Touching "x64\Debug\UnitTest1.tlog\UnitTest1.lastbuildstate".

Build succeeded.
    0 Warning(s)
    0 Error(s)

Time Elapsed 00:00:00.59
