Build started 01.11.2020 13:13:51.
__________________________________________________
Project "D:\git\ueflow\model2dll\model2dll.sln" (default targets):

Target ValidateSolutionConfiguration:
    Building solution configuration "Release|x64".
Target Build:
    __________________________________________________
    Project "D:\git\ueflow\model2dll\model2dll.sln" is building "D:\git\ueflow\model2dll\model2dll\model2dll.vcxproj" (default targets):

    Target InitializeBuildStatus:
        Creating "x64\Release\model2dll.tlog\unsuccessfulbuild" because "AlwaysCreate" was specified.
    Target ClCompile:
        All outputs are up-to-date.
        All outputs are up-to-date.
    Target Link:
        All outputs are up-to-date.
        model2dll.vcxproj -> D:\git\ueflow\model2dll\x64\Release\model2dll.dll
    Target FinalizeBuildStatus:
        Deleting file "x64\Release\model2dll.tlog\unsuccessfulbuild".
        Touching "x64\Release\model2dll.tlog\model2dll.lastbuildstate".

Build succeeded.
    0 Warning(s)
    0 Error(s)

Time Elapsed 00:00:00.46
